0
preview: B4056DF6691F8DC72E56302DDAD345D65FEAD3EAD9299609A826E2344EB63AA4
nonce:   00000000
hash:    2767667C2AF3BE01EFAC4FB387EC27C10B9D3BEE9C5D48CFF4CFB9F523560B24
------
1
preview: 2767667C2AF3BE01EFAC4FB387EC27C10B9D3BEE9C5D48CFF4CFB9F523560B24
nonce:   0000000A
hash:    0DE32E85C2AC9D96659D42C8A3EA3D2C05FDE384B468E6EFE062B6E21288CBCA
------
2
preview: 0DE32E85C2AC9D96659D42C8A3EA3D2C05FDE384B468E6EFE062B6E21288CBCA
nonce:   000001E3
hash:    00EE1063B3EB05C11A21D0F6302ABC473FEF1F97686DA8F44C73C9575FD842B7
------
3
preview: 00EE1063B3EB05C11A21D0F6302ABC473FEF1F97686DA8F44C73C9575FD842B7
nonce:   00000BE6
hash:    000BDC7682D6E663CA8C1F6C8491C3B59A460187F8E67A60DDC94AA0D8E711B0
------
4
preview: 000BDC7682D6E663CA8C1F6C8491C3B59A460187F8E67A60DDC94AA0D8E711B0
nonce:   00075281
hash:    00007EF015AAD51F77336EF9EB2479BEC15A061EC182417631F1A61AF95734A5
------
5
preview: 00007EF015AAD51F77336EF9EB2479BEC15A061EC182417631F1A61AF95734A5
nonce:   00018719
hash:    000007DEA2E67A5423523F4403B39770ACCB398295CE2188D5D064FD989967F5
------
6
preview: 000007DEA2E67A5423523F4403B39770ACCB398295CE2188D5D064FD989967F5
nonce:   00CA6250
hash:    000000B1010437E82D8E7D6550D87497E0503A53358B012EDA32C000D47B348B
------
7
preview: 000000B1010437E82D8E7D6550D87497E0503A53358B012EDA32C000D47B348B
nonce:   06094DC6
hash:    00000002478BF60C4498D445C69E3CFF13B57A42644381919E0D63855B86CF08
------
